
Run type: file
Input file path: C:/Users/Ben/Downloads/Betts.tlv
Output dir: 
Adapt accAvg? False
Threshold 30
Minimum contour area: 0.1
Burnin: 0
Scan frames: 0
Set ROI: exclude
Area counter?: False
Output type?: frames

Total run time (min): 0.35 
 Average frames per second: 9.37 
 
 Thank you for using MotionMeerkat! 
Candidate motion events: 64 
 Frames skipped due to insufficient movement based on the threshold parameter: 76 
Frames skipped due to minimum size of the contours: 59 
 Total frames in files: 199 
 Hitrate: 32.16 % 
Exiting