
Run type: file
Input file path: videos/Bfladefend_Converted.wmv
Output dir: Output
Adapt accAvg? False
Threshold 30
Minimum contour area: 0.1
Burnin: 0
Scan frames: 0
Manual framerate: 1
Set ROI: exclude
Area counter?: False
Output type?: none

Total run time (min): 0.16 
 Average frames per second: 258.83 
 
 Thank you for using MotionMeerkat! 
Candidate motion events: 384 
 Frames skipped due to Threshold: 1906 
 Frames skipped due to minSIZE: 212 
 Total frames in files: 2502 
 Hitrate: 15.35 % 
Exiting
Run type: file
Input file path: videos/Bfladefend_Converted.wmv
Output dir: Output
Adapt accAvg? False
Threshold 30
Minimum contour area: 0.1
Burnin: 0
Scan frames: 0
Manual framerate: 1
Set ROI: exclude
Area counter?: False
Output type?: none

Total run time (min): 0.18 
 Average frames per second: 231.20 
 
 Thank you for using MotionMeerkat! 
Candidate motion events: 384 
 Frames skipped due to Threshold: 1906 
 Frames skipped due to minSIZE: 212 
 Total frames in files: 2502 
 Hitrate: 15.35 % 
Exiting
Run type: file
Input file path: videos/Bfladefend_Converted.wmv
Output dir: Output
Adapt accAvg? False
Threshold 30
Minimum contour area: 0.1
Burnin: 0
Scan frames: 0
Manual framerate: 1
Set ROI: exclude
Area counter?: False
Output type?: none

Total run time (min): 0.15 
 Average frames per second: 286.19 
 
 Thank you for using MotionMeerkat! 
Candidate motion events: 384 
 Frames skipped due to Threshold: 1906 
 Frames skipped due to minSIZE: 212 
 Total frames in files: 2502 
 Hitrate: 15.35 % 
Exiting
Run type: file
Input file path: videos/Bfladefend_Converted.wmv
Output dir: Output
Adapt accAvg? False
Threshold 30
Minimum contour area: 0.1
Burnin: 0
Scan frames: 0
Manual framerate: 1
Set ROI: exclude
Area counter?: False
Output type?: none

Total run time (min): 0.16 
 Average frames per second: 259.94 
 
 Thank you for using MotionMeerkat! 
Candidate motion events: 384 
 Frames skipped due to Threshold: 1906 
 Frames skipped due to minSIZE: 212 
 Total frames in files: 2502 
 Hitrate: 15.35 % 
Exiting
Run type: file
Input file path: videos/Bfladefend_Converted.wmv
Output dir: Output
Adapt accAvg? False
Threshold 30
Minimum contour area: 0.1
Burnin: 0
Scan frames: 0
Manual framerate: 1
Set ROI: exclude
Area counter?: False
Output type?: none

Total run time (min): 0.18 
 Average frames per second: 236.71 
 
 Thank you for using MotionMeerkat! 
Candidate motion events: 384 
 Frames skipped due to Threshold: 1906 
 Frames skipped due to minSIZE: 212 
 Total frames in files: 2502 
 Hitrate: 15.35 % 
Exiting
Run type: file
Input file path: videos/Bfladefend_Converted.wmv
Output dir: Output
Adapt accAvg? False
Threshold 30
Minimum contour area: 0.1
Burnin: 0
Scan frames: 0
Manual framerate: 1
Set ROI: exclude
Area counter?: False
Output type?: none

Total run time (min): 0.16 
 Average frames per second: 259.29 
 
 Thank you for using MotionMeerkat! 
Candidate motion events: 384 
 Frames skipped due to Threshold: 1906 
 Frames skipped due to minSIZE: 212 
 Total frames in files: 2502 
 Hitrate: 15.35 % 
Exiting
Run type: file
Input file path: videos/Bfladefend_Converted.wmv
Output dir: Output
Adapt accAvg? False
Threshold 30
Minimum contour area: 0.1
Burnin: 0
Scan frames: 0
Manual framerate: 1
Set ROI: exclude
Area counter?: False
Output type?: none

Total run time (min): 0.17 
 Average frames per second: 249.00 
 
 Thank you for using MotionMeerkat! 
Candidate motion events: 384 
 Frames skipped due to Threshold: 1906 
 Frames skipped due to minSIZE: 212 
 Total frames in files: 2502 
 Hitrate: 15.35 % 
Exiting
Run type: file
Input file path: videos/Bfladefend_Converted.wmv
Output dir: Output
Adapt accAvg? False
Threshold 30
Minimum contour area: 0.1
Burnin: 0
Scan frames: 0
Manual framerate: 1
Set ROI: exclude
Area counter?: False
Output type?: none

Total run time (min): 0.12 
 Average frames per second: 340.52 
 
 Thank you for using MotionMeerkat! 
Candidate motion events: 384 
 Frames skipped due to Threshold: 1906 
 Frames skipped due to minSIZE: 212 
 Total frames in files: 2502 
 Hitrate: 15.35 % 
Exiting
Run type: file
Input file path: videos/Bfladefend_Converted.wmv
Output dir: Output
Adapt accAvg? False
Threshold 30
Minimum contour area: 0.1
Burnin: 0
Scan frames: 0
Manual framerate: 1
Set ROI: exclude
Area counter?: False
Output type?: none

Total run time (min): 0.16 
 Average frames per second: 254.94 
 
 Thank you for using MotionMeerkat! 
Candidate motion events: 384 
 Frames skipped due to Threshold: 1906 
 Frames skipped due to minSIZE: 212 
 Total frames in files: 2502 
 Hitrate: 15.35 % 
Exiting
Run type: file
Input file path: videos/Bfladefend_Converted.wmv
Output dir: Output
Adapt accAvg? False
Threshold 30
Minimum contour area: 0.1
Burnin: 0
Scan frames: 0
Manual framerate: 1
Set ROI: exclude
Area counter?: False
Output type?: none

Total run time (min): 0.16 
 Average frames per second: 255.95 
 
 Thank you for using MotionMeerkat! 
Candidate motion events: 384 
 Frames skipped due to Threshold: 1906 
 Frames skipped due to minSIZE: 212 
 Total frames in files: 2502 
 Hitrate: 15.35 % 
Exiting
Run type: file
Input file path: videos/Bfladefend_Converted.wmv
Output dir: Output
Adapt accAvg? False
Threshold 30
Minimum contour area: 0.1
Burnin: 0
Scan frames: 0
Manual framerate: 1
Set ROI: exclude
Area counter?: False
Output type?: none

Total run time (min): 0.14 
 Average frames per second: 294.59 
 
 Thank you for using MotionMeerkat! 
Candidate motion events: 384 
 Frames skipped due to Threshold: 1906 
 Frames skipped due to minSIZE: 212 
 Total frames in files: 2502 
 Hitrate: 15.35 % 
Exiting
Run type: file
Input file path: videos/Bfladefend_Converted.wmv
Output dir: Output
Adapt accAvg? False
Threshold 30
Minimum contour area: 0.1
Burnin: 0
Scan frames: 0
Manual framerate: 1
Set ROI: exclude
Area counter?: False
Output type?: none

Total run time (min): 0.15 
 Average frames per second: 276.00 
 
 Thank you for using MotionMeerkat! 
Candidate motion events: 384 
 Frames skipped due to Threshold: 1906 
 Frames skipped due to minSIZE: 212 
 Total frames in files: 2502 
 Hitrate: 15.35 % 
Exiting
Run type: file
Input file path: videos/Bfladefend_Converted.wmv
Output dir: Output
Adapt accAvg? False
Threshold 30
Minimum contour area: 0.1
Burnin: 0
Scan frames: 0
Manual framerate: 1
Set ROI: exclude
Area counter?: False
Output type?: none

Total run time (min): 0.16 
 Average frames per second: 255.26 
 
 Thank you for using MotionMeerkat! 
Candidate motion events: 384 
 Frames skipped due to Threshold: 1906 
 Frames skipped due to minSIZE: 212 
 Total frames in files: 2502 
 Hitrate: 15.35 % 
Exiting
Run type: file
Input file path: videos/Bfladefend_Converted.wmv
Output dir: Output
Adapt accAvg? False
Threshold 30
Minimum contour area: 0.1
Burnin: 0
Scan frames: 0
Manual framerate: 1
Set ROI: exclude
Area counter?: False
Output type?: none

Total run time (min): 0.13 
 Average frames per second: 308.90 
 
 Thank you for using MotionMeerkat! 
Candidate motion events: 384 
 Frames skipped due to Threshold: 1906 
 Frames skipped due to minSIZE: 212 
 Total frames in files: 2502 
 Hitrate: 15.35 % 
Exiting
Run type: file
Input file path: videos/Bfladefend_Converted.wmv
Output dir: Output
Adapt accAvg? False
Threshold 30
Minimum contour area: 0.1
Burnin: 0
Scan frames: 0
Manual framerate: 1
Set ROI: exclude
Area counter?: False
Output type?: none

Total run time (min): 0.16 
 Average frames per second: 256.23 
 
 Thank you for using MotionMeerkat! 
Candidate motion events: 384 
 Frames skipped due to Threshold: 1906 
 Frames skipped due to minSIZE: 212 
 Total frames in files: 2502 
 Hitrate: 15.35 % 
Exiting
Run type: file
Input file path: videos/Bfladefend_Converted.wmv
Output dir: Output
Adapt accAvg? False
Threshold 30
Minimum contour area: 0.1
Burnin: 0
Scan frames: 0
Manual framerate: 1
Set ROI: exclude
Area counter?: False
Output type?: none

Total run time (min): 0.15 
 Average frames per second: 269.92 
 
 Thank you for using MotionMeerkat! 
Candidate motion events: 384 
 Frames skipped due to Threshold: 1906 
 Frames skipped due to minSIZE: 212 
 Total frames in files: 2502 
 Hitrate: 15.35 % 
Exiting
Run type: file
Input file path: videos/Bfladefend_Converted.wmv
Output dir: Output
Adapt accAvg? False
Threshold 30
Minimum contour area: 0.1
Burnin: 0
Scan frames: 0
Manual framerate: 1
Set ROI: exclude
Area counter?: False
Output type?: none

Total run time (min): 0.16 
 Average frames per second: 267.16 
 
 Thank you for using MotionMeerkat! 
Candidate motion events: 384 
 Frames skipped due to Threshold: 1906 
 Frames skipped due to minSIZE: 212 
 Total frames in files: 2502 
 Hitrate: 15.35 % 
Exiting
Run type: file
Input file path: videos/Bfladefend_Converted.wmv
Output dir: Output
Adapt accAvg? False
Threshold 30
Minimum contour area: 0.1
Burnin: 0
Scan frames: 0
Manual framerate: 1
Set ROI: exclude
Area counter?: False
Output type?: none

Total run time (min): 0.17 
 Average frames per second: 252.05 
 
 Thank you for using MotionMeerkat! 
Candidate motion events: 384 
 Frames skipped due to Threshold: 1906 
 Frames skipped due to minSIZE: 212 
 Total frames in files: 2502 
 Hitrate: 15.35 % 
Exiting
Run type: file
Input file path: videos/Bfladefend_Converted.wmv
Output dir: Output
Adapt accAvg? False
Threshold 30
Minimum contour area: 0.1
Burnin: 0
Scan frames: 0
Manual framerate: 1
Set ROI: exclude
Area counter?: False
Output type?: none

Total run time (min): 0.14 
 Average frames per second: 304.90 
 
 Thank you for using MotionMeerkat! 
Candidate motion events: 384 
 Frames skipped due to Threshold: 1906 
 Frames skipped due to minSIZE: 212 
 Total frames in files: 2502 
 Hitrate: 15.35 % 
Exiting
Run type: file
Input file path: videos/Bfladefend_Converted.wmv
Output dir: Output
Adapt accAvg? False
Threshold 30
Minimum contour area: 0.1
Burnin: 0
Scan frames: 0
Manual framerate: 1
Set ROI: exclude
Area counter?: False
Output type?: none

Total run time (min): 0.16 
 Average frames per second: 253.87 
 
 Thank you for using MotionMeerkat! 
Candidate motion events: 384 
 Frames skipped due to Threshold: 1906 
 Frames skipped due to minSIZE: 212 
 Total frames in files: 2502 
 Hitrate: 15.35 % 
Exiting